<?xml version="1.0" encoding="UTF-8"?>
<!-- Generated by org.testng.reporters.JUnitXMLReporter -->
<testsuite ignored="0" hostname="DESKTOP-6BS8MC7" failures="0" tests="3" name="ChromeTest" time="0.202" errors="0" timestamp="2022-03-15T20:46:51 IST">
  <testcase classname="pack11.TestNG" name="@BeforeTest launchBrowser" time="0.089">
    <failure type="java.lang.IllegalStateException" message="The path to the driver executable must be set by the webdriver.chrome.driver system property; for more information, see https://github.com/SeleniumHQ/selenium/wiki/ChromeDriver. The latest version can be downloaded from http://chromedriver.storage.googleapis.com/index.html">
      <![CDATA[java.lang.IllegalStateException: The path to the driver executable must be set by the webdriver.chrome.driver system property; for more information, see https://github.com/SeleniumHQ/selenium/wiki/ChromeDriver. The latest version can be downloaded from http://chromedriver.storage.googleapis.com/index.html
at com.google.common.base.Preconditions.checkState(Preconditions.java:847)
at org.openqa.selenium.remote.service.DriverService.findExecutable(DriverService.java:134)
at org.openqa.selenium.chrome.ChromeDriverService.access$000(ChromeDriverService.java:35)
at org.openqa.selenium.chrome.ChromeDriverService$Builder.findDefaultExecutable(ChromeDriverService.java:159)
at org.openqa.selenium.remote.service.DriverService$Builder.build(DriverService.java:355)
at org.openqa.selenium.chrome.ChromeDriverService.createDefaultService(ChromeDriverService.java:94)
at org.openqa.selenium.chrome.ChromeDriver.<init>(ChromeDriver.java:123)
at base.Browser.launchChromeBrowser(Browser.java:12)
at pack11.TestNG.launchBrowser(TestNG.java:44)
at java.base/java.util.concurrent.FutureTask.run(FutureTask.java:264)
at java.base/java.util.concurrent.ThreadPoolExecutor.runWorker(ThreadPoolExecutor.java:1136)
at java.base/java.util.concurrent.ThreadPoolExecutor$Worker.run(ThreadPoolExecutor.java:635)
at java.base/java.lang.Thread.run(Thread.java:833)
... Removed 15 stack frames]]>
    </failure>
  </testcase> <!-- @BeforeTest launchBrowser -->
  <testcase classname="pack11.TestNGFriend" name="@BeforeTest launchBrowser" time="-1.647357410991E9">
    <skipped/>
  </testcase> <!-- @BeforeTest launchBrowser -->
  <testcase classname="pack11.TestNGFriend" name="@BeforeClass createObject" time="-1.647357411021E9">
    <skipped/>
  </testcase> <!-- @BeforeClass createObject -->
  <testcase classname="pack11.TestNGFriend" name="@BeforeMethod loginApp" time="-1.647357411038E9">
    <skipped/>
  </testcase> <!-- @BeforeMethod loginApp -->
  <testcase classname="pack11.TestNGFriend" name="@AfterMethod logoutApp" time="-1.647357411048E9">
    <skipped/>
  </testcase> <!-- @AfterMethod logoutApp -->
  <testcase classname="pack11.TestNGFriend" name="@AfterClass nullObject" time="-1.647357411052E9">
    <skipped/>
  </testcase> <!-- @AfterClass nullObject -->
  <testcase classname="pack11.TestNG" name="@BeforeClass launchBrowsr" time="-1.647357411056E9">
    <skipped/>
  </testcase> <!-- @BeforeClass launchBrowsr -->
  <testcase classname="pack11.TestNG" name="@BeforeMethod loginApp" time="-1.647357411058E9">
    <skipped/>
  </testcase> <!-- @BeforeMethod loginApp -->
  <testcase classname="pack11.TestNG" name="@AfterMethod afterMethod" time="-1.647357411067E9">
    <skipped/>
  </testcase> <!-- @AfterMethod afterMethod -->
  <testcase classname="pack11.TestNG" name="@BeforeMethod loginApp" time="-1.647357411069E9">
    <skipped/>
  </testcase> <!-- @BeforeMethod loginApp -->
  <testcase classname="pack11.TestNG" name="@AfterMethod afterMethod" time="-1.647357411075E9">
    <skipped/>
  </testcase> <!-- @AfterMethod afterMethod -->
  <testcase classname="pack11.TestNG" name="@AfterClass afterClass" time="-1.647357411077E9">
    <skipped/>
  </testcase> <!-- @AfterClass afterClass -->
  <testcase classname="pack11.TestNG" name="@AfterTest aftertest" time="-1.647357411082E9">
    <skipped/>
  </testcase> <!-- @AfterTest aftertest -->
  <testcase classname="pack11.TestNGFriend" name="@AfterTest closeBrowser" time="-1.647357411084E9">
    <skipped/>
  </testcase> <!-- @AfterTest closeBrowser -->
  <testcase classname="pack11.TestNGFriend" name="verifyFriend" time="0.0">
    <skipped/>
  </testcase> <!-- verifyFriend -->
  <testcase classname="pack11.TestNG" name="headerr" time="0.0">
    <skipped/>
  </testcase> <!-- headerr -->
  <testcase classname="pack11.TestNG" name="sendMessage" time="0.0">
    <skipped/>
  </testcase> <!-- sendMessage -->
</testsuite> <!-- ChromeTest -->
